<?xml version="1.0" encoding="UTF-8"?>
<!-- Generated by org.testng.reporters.JUnitXMLReporter -->
<testsuite ignored="0" hostname="LAPTOP-N5CEF6FS" failures="0" tests="3" name="Default test" time="10.46" errors="0" timestamp="2023-07-15T13:55:51 IST">
  <testcase classname="hotelbookingtests.BookingTests" name="postbooking" time="2.576"/>
  <testcase classname="hotelbookingtests.BookingTests" name="partialUpdateBooking" time="2.273"/>
  <testcase classname="hotelbookingtests.BookingTests" name="deleteBooking" time="2.218"/>
</testsuite> <!-- Default test -->
