<?xml version="1.0" encoding="UTF-8"?>
<testng-results ignored="0" total="3" passed="3" failed="0" skipped="0">
  <reporter-output>
  </reporter-output>
  <suite started-at="2023-07-15T13:55:40 IST" name="Default suite" finished-at="2023-07-15T13:55:51 IST" duration-ms="10460">
    <groups>
    </groups>
    <test started-at="2023-07-15T13:55:40 IST" name="Default test" finished-at="2023-07-15T13:55:51 IST" duration-ms="10460">
      <class name="hotelbookingtests.BookingTests">
        <test-method is-config="true" signature="generatetoken()[pri:0, instance:hotelbookingtests.BookingTests@50b5ac82]" started-at="2023-07-15T13:55:40 IST" name="generatetoken" finished-at="2023-07-15T13:55:44 IST" duration-ms="3348" status="PASS">
          <reporter-output>
          </reporter-output>
        </test-method> <!-- generatetoken -->
        <test-method signature="postbooking()[pri:1, instance:hotelbookingtests.BookingTests@50b5ac82]" started-at="2023-07-15T13:55:44 IST" name="postbooking" finished-at="2023-07-15T13:55:46 IST" duration-ms="2576" status="PASS">
          <reporter-output>
          </reporter-output>
        </test-method> <!-- postbooking -->
        <test-method signature="partialUpdateBooking()[pri:2, instance:hotelbookingtests.BookingTests@50b5ac82]" started-at="2023-07-15T13:55:46 IST" name="partialUpdateBooking" finished-at="2023-07-15T13:55:48 IST" duration-ms="2273" status="PASS">
          <reporter-output>
          </reporter-output>
        </test-method> <!-- partialUpdateBooking -->
        <test-method signature="deleteBooking()[pri:3, instance:hotelbookingtests.BookingTests@50b5ac82]" started-at="2023-07-15T13:55:48 IST" name="deleteBooking" finished-at="2023-07-15T13:55:51 IST" duration-ms="2218" status="PASS">
          <reporter-output>
          </reporter-output>
        </test-method> <!-- deleteBooking -->
      </class> <!-- hotelbookingtests.BookingTests -->
    </test> <!-- Default test -->
  </suite> <!-- Default suite -->
</testng-results>
